2021/08/03 10:36:43 [emerg] 1#1: host not found in upstream "jenkins:8080" in /etc/nginx/conf.d/app.conf:3
2021/08/03 10:36:43 [notice] 1#1: using the "epoll" event method
2021/08/03 10:36:43 [notice] 1#1: nginx/1.20.1
2021/08/03 10:36:43 [notice] 1#1: built by gcc 10.2.1 20201203 (Alpine 10.2.1_pre1) 
2021/08/03 10:36:43 [notice] 1#1: OS: Linux 3.10.0-1160.31.1.el7.x86_64
2021/08/03 10:36:43 [notice] 1#1: getrlimit(RLIMIT_NOFILE): 1048576:1048576
2021/08/03 10:36:43 [notice] 1#1: start worker processes
2021/08/03 10:36:43 [notice] 1#1: start worker process 22
2021/08/03 10:36:43 [notice] 1#1: start worker process 23
2021/08/03 10:36:43 [notice] 1#1: start worker process 24
2021/08/03 10:36:43 [notice] 1#1: start worker process 25
2021/08/03 12:07:49 [notice] 1#1: signal 3 (SIGQUIT) received, shutting down
2021/08/03 12:07:49 [notice] 22#22: gracefully shutting down
2021/08/03 12:07:49 [notice] 23#23: gracefully shutting down
2021/08/03 12:07:49 [notice] 24#24: gracefully shutting down
2021/08/03 12:07:49 [notice] 22#22: exiting
2021/08/03 12:07:49 [notice] 23#23: exiting
2021/08/03 12:07:49 [notice] 24#24: exiting
2021/08/03 12:07:49 [notice] 22#22: exit
2021/08/03 12:07:49 [notice] 24#24: exit
2021/08/03 12:07:49 [notice] 23#23: exit
2021/08/03 12:07:49 [notice] 25#25: gracefully shutting down
2021/08/03 12:07:49 [notice] 25#25: exiting
2021/08/03 12:07:49 [notice] 25#25: exit
2021/08/03 12:07:49 [notice] 1#1: signal 17 (SIGCHLD) received from 22
2021/08/03 12:07:49 [notice] 1#1: worker process 22 exited with code 0
2021/08/03 12:07:49 [notice] 1#1: signal 29 (SIGIO) received
2021/08/03 12:07:49 [notice] 1#1: signal 17 (SIGCHLD) received from 23
2021/08/03 12:07:49 [notice] 1#1: worker process 23 exited with code 0
2021/08/03 12:07:49 [notice] 1#1: signal 29 (SIGIO) received
2021/08/03 12:07:49 [notice] 1#1: signal 17 (SIGCHLD) received from 25
2021/08/03 12:07:49 [notice] 1#1: worker process 24 exited with code 0
2021/08/03 12:07:49 [notice] 1#1: worker process 25 exited with code 0
2021/08/03 12:07:49 [notice] 1#1: exit
2021/08/03 12:10:49 [emerg] 1#1: host not found in upstream "jenkins:8080" in /etc/nginx/conf.d/app.conf:3
2021/08/03 12:10:49 [notice] 1#1: using the "epoll" event method
2021/08/03 12:10:49 [notice] 1#1: nginx/1.20.1
2021/08/03 12:10:49 [notice] 1#1: built by gcc 10.2.1 20201203 (Alpine 10.2.1_pre1) 
2021/08/03 12:10:49 [notice] 1#1: OS: Linux 3.10.0-1160.31.1.el7.x86_64
2021/08/03 12:10:49 [notice] 1#1: getrlimit(RLIMIT_NOFILE): 1048576:1048576
2021/08/03 12:10:49 [notice] 1#1: start worker processes
2021/08/03 12:10:49 [notice] 1#1: start worker process 23
2021/08/03 12:10:49 [notice] 1#1: start worker process 24
2021/08/03 12:10:49 [notice] 1#1: start worker process 25
2021/08/03 12:10:49 [notice] 1#1: start worker process 26
2021/08/03 13:07:24 [notice] 1#1: signal 3 (SIGQUIT) received, shutting down
2021/08/03 13:07:24 [notice] 23#23: gracefully shutting down
2021/08/03 13:07:24 [notice] 25#25: gracefully shutting down
2021/08/03 13:07:24 [notice] 26#26: gracefully shutting down
2021/08/03 13:07:24 [notice] 24#24: gracefully shutting down
2021/08/03 13:07:24 [notice] 23#23: exiting
2021/08/03 13:07:24 [notice] 25#25: exiting
2021/08/03 13:07:24 [notice] 26#26: exiting
2021/08/03 13:07:24 [notice] 24#24: exiting
2021/08/03 13:07:24 [notice] 25#25: exit
2021/08/03 13:07:24 [notice] 23#23: exit
2021/08/03 13:07:24 [notice] 26#26: exit
2021/08/03 13:07:24 [notice] 24#24: exit
2021/08/03 13:07:24 [notice] 1#1: signal 17 (SIGCHLD) received from 23
2021/08/03 13:07:24 [notice] 1#1: worker process 23 exited with code 0
2021/08/03 13:07:24 [notice] 1#1: signal 29 (SIGIO) received
2021/08/03 13:07:24 [notice] 1#1: signal 17 (SIGCHLD) received from 26
2021/08/03 13:07:24 [notice] 1#1: worker process 24 exited with code 0
2021/08/03 13:07:24 [notice] 1#1: worker process 25 exited with code 0
2021/08/03 13:07:24 [notice] 1#1: worker process 26 exited with code 0
2021/08/03 13:07:24 [notice] 1#1: exit
2021/08/03 13:10:55 [emerg] 1#1: host not found in upstream "jenkins:8080" in /etc/nginx/conf.d/app.conf:3
2021/08/03 13:10:56 [notice] 1#1: using the "epoll" event method
2021/08/03 13:10:56 [notice] 1#1: nginx/1.20.1
2021/08/03 13:10:56 [notice] 1#1: built by gcc 10.2.1 20201203 (Alpine 10.2.1_pre1) 
2021/08/03 13:10:56 [notice] 1#1: OS: Linux 3.10.0-1160.31.1.el7.x86_64
2021/08/03 13:10:56 [notice] 1#1: getrlimit(RLIMIT_NOFILE): 1048576:1048576
2021/08/03 13:10:56 [notice] 1#1: start worker processes
2021/08/03 13:10:56 [notice] 1#1: start worker process 23
2021/08/03 13:10:56 [notice] 1#1: start worker process 24
2021/08/03 13:10:56 [notice] 1#1: start worker process 25
2021/08/03 13:10:56 [notice] 1#1: start worker process 26
2021/08/04 07:14:15 [notice] 1#1: signal 3 (SIGQUIT) received, shutting down
2021/08/04 07:14:15 [notice] 23#23: gracefully shutting down
2021/08/04 07:14:15 [notice] 23#23: exiting
2021/08/04 07:14:15 [notice] 23#23: exit
2021/08/04 07:14:15 [notice] 25#25: gracefully shutting down
2021/08/04 07:14:15 [notice] 25#25: exiting
2021/08/04 07:14:15 [notice] 25#25: exit
2021/08/04 07:14:15 [notice] 26#26: gracefully shutting down
2021/08/04 07:14:15 [notice] 26#26: exiting
2021/08/04 07:14:15 [notice] 26#26: exit
2021/08/04 07:14:15 [notice] 24#24: gracefully shutting down
2021/08/04 07:14:15 [notice] 24#24: exiting
2021/08/04 07:14:15 [notice] 24#24: exit
2021/08/04 07:14:15 [notice] 1#1: signal 17 (SIGCHLD) received from 26
2021/08/04 07:14:15 [notice] 1#1: worker process 23 exited with code 0
2021/08/04 07:14:15 [notice] 1#1: worker process 25 exited with code 0
2021/08/04 07:14:15 [notice] 1#1: worker process 26 exited with code 0
2021/08/04 07:14:15 [notice] 1#1: signal 29 (SIGIO) received
2021/08/04 07:14:15 [notice] 1#1: signal 17 (SIGCHLD) received from 24
2021/08/04 07:14:15 [notice] 1#1: worker process 24 exited with code 0
2021/08/04 07:14:15 [notice] 1#1: exit
2021/08/04 08:22:44 [emerg] 1#1: host not found in upstream "jenkins:8080" in /etc/nginx/conf.d/app.conf:3
2021/08/04 08:22:45 [emerg] 1#1: host not found in upstream "jenkins:8080" in /etc/nginx/conf.d/app.conf:3
2021/08/04 08:22:45 [emerg] 1#1: host not found in upstream "jenkins:8080" in /etc/nginx/conf.d/app.conf:3
2021/08/04 08:22:46 [emerg] 1#1: host not found in upstream "jenkins:8080" in /etc/nginx/conf.d/app.conf:3
2021/08/04 08:22:47 [emerg] 1#1: host not found in upstream "jenkins:8080" in /etc/nginx/conf.d/app.conf:3
2021/08/04 08:22:49 [emerg] 1#1: host not found in upstream "jenkins:8080" in /etc/nginx/conf.d/app.conf:3
2021/08/04 08:22:52 [emerg] 1#1: host not found in upstream "jenkins:8080" in /etc/nginx/conf.d/app.conf:3
2021/08/04 08:22:59 [emerg] 1#1: host not found in upstream "jenkins:8080" in /etc/nginx/conf.d/app.conf:3
2021/08/04 08:23:12 [notice] 1#1: using the "epoll" event method
2021/08/04 08:23:12 [notice] 1#1: nginx/1.20.1
2021/08/04 08:23:12 [notice] 1#1: built by gcc 10.2.1 20201203 (Alpine 10.2.1_pre1) 
2021/08/04 08:23:12 [notice] 1#1: OS: Linux 3.10.0-1160.31.1.el7.x86_64
2021/08/04 08:23:12 [notice] 1#1: getrlimit(RLIMIT_NOFILE): 1048576:1048576
2021/08/04 08:23:12 [notice] 1#1: start worker processes
2021/08/04 08:23:12 [notice] 1#1: start worker process 23
2021/08/04 08:23:12 [notice] 1#1: start worker process 24
2021/08/04 08:23:12 [notice] 1#1: start worker process 25
2021/08/04 08:23:12 [notice] 1#1: start worker process 26
2021/08/04 10:18:12 [notice] 1#1: signal 3 (SIGQUIT) received, shutting down
2021/08/04 10:18:12 [notice] 24#24: gracefully shutting down
2021/08/04 10:18:12 [notice] 24#24: exiting
2021/08/04 10:18:12 [notice] 24#24: exit
2021/08/04 10:18:12 [notice] 25#25: gracefully shutting down
2021/08/04 10:18:12 [notice] 25#25: exiting
2021/08/04 10:18:12 [notice] 25#25: exit
2021/08/04 10:18:12 [notice] 23#23: gracefully shutting down
2021/08/04 10:18:12 [notice] 23#23: exiting
2021/08/04 10:18:12 [notice] 23#23: exit
2021/08/04 10:18:12 [notice] 26#26: gracefully shutting down
2021/08/04 10:18:12 [notice] 26#26: exiting
2021/08/04 10:18:12 [notice] 26#26: exit
2021/08/04 10:18:12 [notice] 1#1: signal 17 (SIGCHLD) received from 23
2021/08/04 10:18:12 [notice] 1#1: worker process 23 exited with code 0
2021/08/04 10:18:12 [notice] 1#1: worker process 24 exited with code 0
2021/08/04 10:18:12 [notice] 1#1: signal 29 (SIGIO) received
2021/08/04 10:18:12 [notice] 1#1: signal 17 (SIGCHLD) received from 24
2021/08/04 10:18:12 [notice] 1#1: signal 17 (SIGCHLD) received from 25
2021/08/04 10:18:12 [notice] 1#1: worker process 25 exited with code 0
2021/08/04 10:18:12 [notice] 1#1: worker process 26 exited with code 0
2021/08/04 10:18:12 [notice] 1#1: exit
2021/08/04 10:22:15 [emerg] 1#1: host not found in upstream "jenkins:8080" in /etc/nginx/conf.d/app.conf:3
2021/08/04 10:22:15 [emerg] 1#1: host not found in upstream "jenkins:8080" in /etc/nginx/conf.d/app.conf:3
2021/08/04 10:22:16 [emerg] 1#1: host not found in upstream "jenkins:8080" in /etc/nginx/conf.d/app.conf:3
2021/08/04 10:22:16 [emerg] 1#1: host not found in upstream "jenkins:8080" in /etc/nginx/conf.d/app.conf:3
2021/08/04 10:22:17 [emerg] 1#1: host not found in upstream "jenkins:8080" in /etc/nginx/conf.d/app.conf:3
2021/08/04 10:22:19 [emerg] 1#1: host not found in upstream "jenkins:8080" in /etc/nginx/conf.d/app.conf:3
2021/08/04 10:22:23 [emerg] 1#1: host not found in upstream "jenkins:8080" in /etc/nginx/conf.d/app.conf:3
2021/08/04 10:22:30 [emerg] 1#1: host not found in upstream "jenkins:8080" in /etc/nginx/conf.d/app.conf:3
2021/08/04 10:22:43 [emerg] 1#1: host not found in upstream "jenkins:8080" in /etc/nginx/conf.d/app.conf:3
2021/08/04 10:23:09 [emerg] 1#1: host not found in upstream "jenkins:8080" in /etc/nginx/conf.d/app.conf:3
2021/08/04 10:24:00 [notice] 1#1: using the "epoll" event method
2021/08/04 10:24:00 [notice] 1#1: nginx/1.20.1
2021/08/04 10:24:00 [notice] 1#1: built by gcc 10.2.1 20201203 (Alpine 10.2.1_pre1) 
2021/08/04 10:24:00 [notice] 1#1: OS: Linux 3.10.0-1160.31.1.el7.x86_64
2021/08/04 10:24:00 [notice] 1#1: getrlimit(RLIMIT_NOFILE): 1048576:1048576
2021/08/04 10:24:00 [notice] 1#1: start worker processes
2021/08/04 10:24:00 [notice] 1#1: start worker process 23
2021/08/04 10:24:00 [notice] 1#1: start worker process 24
2021/08/04 10:24:00 [notice] 1#1: start worker process 25
2021/08/04 10:24:00 [notice] 1#1: start worker process 26
2021/08/04 10:29:02 [notice] 1#1: signal 3 (SIGQUIT) received, shutting down
2021/08/04 10:29:02 [notice] 25#25: gracefully shutting down
2021/08/04 10:29:02 [notice] 25#25: exiting
2021/08/04 10:29:02 [notice] 25#25: exit
2021/08/04 10:29:02 [notice] 23#23: gracefully shutting down
2021/08/04 10:29:02 [notice] 23#23: exiting
2021/08/04 10:29:02 [notice] 23#23: exit
2021/08/04 10:29:02 [notice] 24#24: gracefully shutting down
2021/08/04 10:29:02 [notice] 24#24: exiting
2021/08/04 10:29:02 [notice] 24#24: exit
2021/08/04 10:29:02 [notice] 26#26: gracefully shutting down
2021/08/04 10:29:02 [notice] 26#26: exiting
2021/08/04 10:29:02 [notice] 26#26: exit
2021/08/04 10:29:02 [notice] 1#1: signal 17 (SIGCHLD) received from 23
2021/08/04 10:29:02 [notice] 1#1: worker process 23 exited with code 0
2021/08/04 10:29:02 [notice] 1#1: worker process 25 exited with code 0
2021/08/04 10:29:02 [notice] 1#1: signal 29 (SIGIO) received
2021/08/04 10:29:02 [notice] 1#1: signal 17 (SIGCHLD) received from 24
2021/08/04 10:29:02 [notice] 1#1: worker process 24 exited with code 0
2021/08/04 10:29:02 [notice] 1#1: signal 29 (SIGIO) received
2021/08/04 10:29:02 [notice] 1#1: signal 17 (SIGCHLD) received from 26
2021/08/04 10:29:02 [notice] 1#1: worker process 26 exited with code 0
2021/08/04 10:29:02 [notice] 1#1: exit
2021/08/04 10:31:54 [emerg] 1#1: host not found in upstream "jenkins:8080" in /etc/nginx/conf.d/app.conf:3
2021/08/04 10:31:55 [notice] 1#1: using the "epoll" event method
2021/08/04 10:31:55 [notice] 1#1: nginx/1.20.1
2021/08/04 10:31:55 [notice] 1#1: built by gcc 10.2.1 20201203 (Alpine 10.2.1_pre1) 
2021/08/04 10:31:55 [notice] 1#1: OS: Linux 3.10.0-1160.31.1.el7.x86_64
2021/08/04 10:31:55 [notice] 1#1: getrlimit(RLIMIT_NOFILE): 1048576:1048576
2021/08/04 10:31:55 [notice] 1#1: start worker processes
2021/08/04 10:31:55 [notice] 1#1: start worker process 23
2021/08/04 10:31:55 [notice] 1#1: start worker process 24
2021/08/04 10:31:55 [notice] 1#1: start worker process 25
2021/08/04 10:31:55 [notice] 1#1: start worker process 26
2021/08/04 10:32:35 [notice] 1#1: signal 3 (SIGQUIT) received, shutting down
2021/08/04 10:32:35 [notice] 23#23: gracefully shutting down
2021/08/04 10:32:35 [notice] 23#23: exiting
2021/08/04 10:32:35 [notice] 23#23: exit
2021/08/04 10:32:35 [notice] 24#24: gracefully shutting down
2021/08/04 10:32:35 [notice] 24#24: exiting
2021/08/04 10:32:35 [notice] 24#24: exit
2021/08/04 10:32:35 [notice] 25#25: gracefully shutting down
2021/08/04 10:32:35 [notice] 25#25: exiting
2021/08/04 10:32:35 [notice] 25#25: exit
2021/08/04 10:32:35 [notice] 26#26: gracefully shutting down
2021/08/04 10:32:35 [notice] 26#26: exiting
2021/08/04 10:32:35 [notice] 26#26: exit
2021/08/04 10:32:35 [notice] 1#1: signal 17 (SIGCHLD) received from 26
2021/08/04 10:32:35 [notice] 1#1: worker process 23 exited with code 0
2021/08/04 10:32:35 [notice] 1#1: worker process 24 exited with code 0
2021/08/04 10:32:35 [notice] 1#1: worker process 25 exited with code 0
2021/08/04 10:32:35 [notice] 1#1: worker process 26 exited with code 0
2021/08/04 10:32:35 [notice] 1#1: exit
2021/08/04 10:34:06 [emerg] 1#1: host not found in upstream "jenkins:8080" in /etc/nginx/conf.d/app.conf:3
2021/08/04 10:34:06 [notice] 1#1: using the "epoll" event method
2021/08/04 10:34:06 [notice] 1#1: nginx/1.20.1
2021/08/04 10:34:06 [notice] 1#1: built by gcc 10.2.1 20201203 (Alpine 10.2.1_pre1) 
2021/08/04 10:34:06 [notice] 1#1: OS: Linux 3.10.0-1160.31.1.el7.x86_64
2021/08/04 10:34:06 [notice] 1#1: getrlimit(RLIMIT_NOFILE): 1048576:1048576
2021/08/04 10:34:06 [notice] 1#1: start worker processes
2021/08/04 10:34:06 [notice] 1#1: start worker process 23
2021/08/04 10:34:06 [notice] 1#1: start worker process 24
2021/08/04 10:34:06 [notice] 1#1: start worker process 25
2021/08/04 10:34:06 [notice] 1#1: start worker process 26
2021/08/04 10:36:31 [notice] 1#1: signal 3 (SIGQUIT) received, shutting down
2021/08/04 10:36:31 [notice] 23#23: gracefully shutting down
2021/08/04 10:36:31 [notice] 24#24: gracefully shutting down
2021/08/04 10:36:31 [notice] 25#25: gracefully shutting down
2021/08/04 10:36:31 [notice] 23#23: exiting
2021/08/04 10:36:31 [notice] 24#24: exiting
2021/08/04 10:36:31 [notice] 25#25: exiting
2021/08/04 10:36:31 [notice] 24#24: exit
2021/08/04 10:36:31 [notice] 23#23: exit
2021/08/04 10:36:31 [notice] 25#25: exit
2021/08/04 10:36:31 [notice] 26#26: gracefully shutting down
2021/08/04 10:36:31 [notice] 26#26: exiting
2021/08/04 10:36:31 [notice] 26#26: exit
2021/08/04 10:36:31 [notice] 1#1: signal 17 (SIGCHLD) received from 24
2021/08/04 10:36:31 [notice] 1#1: worker process 24 exited with code 0
2021/08/04 10:36:31 [notice] 1#1: signal 29 (SIGIO) received
2021/08/04 10:36:31 [notice] 1#1: signal 17 (SIGCHLD) received from 23
2021/08/04 10:36:31 [notice] 1#1: worker process 23 exited with code 0
2021/08/04 10:36:31 [notice] 1#1: signal 29 (SIGIO) received
2021/08/04 10:36:31 [notice] 1#1: signal 17 (SIGCHLD) received from 26
2021/08/04 10:36:31 [notice] 1#1: worker process 26 exited with code 0
2021/08/04 10:36:31 [notice] 1#1: worker process 25 exited with code 0
2021/08/04 10:36:31 [notice] 1#1: exit
2021/08/04 10:39:53 [emerg] 1#1: host not found in upstream "jenkins:8080" in /etc/nginx/conf.d/app.conf:3
2021/08/04 10:39:54 [notice] 1#1: using the "epoll" event method
2021/08/04 10:39:54 [notice] 1#1: nginx/1.20.1
2021/08/04 10:39:54 [notice] 1#1: built by gcc 10.2.1 20201203 (Alpine 10.2.1_pre1) 
2021/08/04 10:39:54 [notice] 1#1: OS: Linux 3.10.0-1160.31.1.el7.x86_64
2021/08/04 10:39:54 [notice] 1#1: getrlimit(RLIMIT_NOFILE): 1048576:1048576
2021/08/04 10:39:54 [notice] 1#1: start worker processes
2021/08/04 10:39:54 [notice] 1#1: start worker process 21
2021/08/04 10:39:54 [notice] 1#1: start worker process 22
2021/08/04 10:39:54 [notice] 1#1: start worker process 23
2021/08/04 10:39:54 [notice] 1#1: start worker process 24
2021/08/05 06:47:04 [notice] 1#1: signal 3 (SIGQUIT) received, shutting down
2021/08/05 06:47:04 [notice] 21#21: gracefully shutting down
2021/08/05 06:47:04 [notice] 21#21: exiting
2021/08/05 06:47:04 [notice] 23#23: gracefully shutting down
2021/08/05 06:47:04 [notice] 23#23: exiting
2021/08/05 06:47:04 [notice] 21#21: exit
2021/08/05 06:47:04 [notice] 23#23: exit
2021/08/05 06:47:04 [notice] 22#22: gracefully shutting down
2021/08/05 06:47:04 [notice] 24#24: gracefully shutting down
2021/08/05 06:47:04 [notice] 22#22: exiting
2021/08/05 06:47:04 [notice] 24#24: exiting
2021/08/05 06:47:04 [notice] 22#22: exit
2021/08/05 06:47:04 [notice] 24#24: exit
2021/08/05 06:47:04 [notice] 1#1: signal 17 (SIGCHLD) received from 21
2021/08/05 06:47:04 [notice] 1#1: worker process 21 exited with code 0
2021/08/05 06:47:04 [notice] 1#1: signal 29 (SIGIO) received
2021/08/05 06:47:04 [notice] 1#1: signal 17 (SIGCHLD) received from 22
2021/08/05 06:47:04 [notice] 1#1: worker process 22 exited with code 0
2021/08/05 06:47:04 [notice] 1#1: signal 29 (SIGIO) received
2021/08/05 06:47:04 [notice] 1#1: signal 17 (SIGCHLD) received from 23
2021/08/05 06:47:04 [notice] 1#1: worker process 23 exited with code 0
2021/08/05 06:47:04 [notice] 1#1: worker process 24 exited with code 0
2021/08/05 06:47:04 [notice] 1#1: exit
2021/08/05 06:49:22 [emerg] 1#1: host not found in upstream "jenkins:8080" in /etc/nginx/conf.d/app.conf:3
2021/08/05 06:49:23 [notice] 1#1: using the "epoll" event method
2021/08/05 06:49:23 [notice] 1#1: nginx/1.20.1
2021/08/05 06:49:23 [notice] 1#1: built by gcc 10.2.1 20201203 (Alpine 10.2.1_pre1) 
2021/08/05 06:49:23 [notice] 1#1: OS: Linux 3.10.0-1160.31.1.el7.x86_64
2021/08/05 06:49:23 [notice] 1#1: getrlimit(RLIMIT_NOFILE): 1048576:1048576
2021/08/05 06:49:23 [notice] 1#1: start worker processes
2021/08/05 06:49:23 [notice] 1#1: start worker process 22
2021/08/05 06:49:23 [notice] 1#1: start worker process 23
2021/08/05 06:49:23 [notice] 1#1: start worker process 24
2021/08/05 06:49:23 [notice] 1#1: start worker process 25
2021/08/05 07:02:48 [notice] 1#1: signal 3 (SIGQUIT) received, shutting down
2021/08/05 07:02:48 [notice] 23#23: gracefully shutting down
2021/08/05 07:02:48 [notice] 23#23: exiting
2021/08/05 07:02:48 [notice] 23#23: exit
2021/08/05 07:02:48 [notice] 25#25: gracefully shutting down
2021/08/05 07:02:48 [notice] 25#25: exiting
2021/08/05 07:02:48 [notice] 25#25: exit
2021/08/05 07:02:48 [notice] 24#24: gracefully shutting down
2021/08/05 07:02:48 [notice] 24#24: exiting
2021/08/05 07:02:48 [notice] 24#24: exit
2021/08/05 07:02:48 [notice] 22#22: gracefully shutting down
2021/08/05 07:02:48 [notice] 22#22: exiting
2021/08/05 07:02:48 [notice] 22#22: exit
2021/08/05 07:02:48 [notice] 1#1: signal 17 (SIGCHLD) received from 25
2021/08/05 07:02:48 [notice] 1#1: worker process 23 exited with code 0
2021/08/05 07:02:48 [notice] 1#1: worker process 22 exited with code 0
2021/08/05 07:02:48 [notice] 1#1: worker process 24 exited with code 0
2021/08/05 07:02:48 [notice] 1#1: worker process 25 exited with code 0
2021/08/05 07:02:48 [notice] 1#1: exit
2021/08/05 07:07:54 [emerg] 1#1: host not found in upstream "jenkins:8080" in /etc/nginx/conf.d/app.conf:3
2021/08/05 07:07:55 [notice] 1#1: using the "epoll" event method
2021/08/05 07:07:55 [notice] 1#1: nginx/1.20.1
2021/08/05 07:07:55 [notice] 1#1: built by gcc 10.2.1 20201203 (Alpine 10.2.1_pre1) 
2021/08/05 07:07:55 [notice] 1#1: OS: Linux 3.10.0-1160.31.1.el7.x86_64
2021/08/05 07:07:55 [notice] 1#1: getrlimit(RLIMIT_NOFILE): 1048576:1048576
2021/08/05 07:07:55 [notice] 1#1: start worker processes
2021/08/05 07:07:55 [notice] 1#1: start worker process 23
2021/08/05 07:07:55 [notice] 1#1: start worker process 24
2021/08/05 07:07:55 [notice] 1#1: start worker process 25
2021/08/05 07:07:55 [notice] 1#1: start worker process 26
2021/08/05 07:18:34 [notice] 1#1: signal 3 (SIGQUIT) received, shutting down
2021/08/05 07:18:34 [notice] 23#23: gracefully shutting down
2021/08/05 07:18:34 [notice] 23#23: exiting
2021/08/05 07:18:34 [notice] 23#23: exit
2021/08/05 07:18:34 [notice] 25#25: gracefully shutting down
2021/08/05 07:18:34 [notice] 25#25: exiting
2021/08/05 07:18:34 [notice] 25#25: exit
2021/08/05 07:18:34 [notice] 24#24: gracefully shutting down
2021/08/05 07:18:34 [notice] 24#24: exiting
2021/08/05 07:18:34 [notice] 24#24: exit
2021/08/05 07:18:34 [notice] 26#26: gracefully shutting down
2021/08/05 07:18:34 [notice] 26#26: exiting
2021/08/05 07:18:34 [notice] 26#26: exit
2021/08/05 07:18:34 [notice] 1#1: signal 17 (SIGCHLD) received from 23
2021/08/05 07:18:34 [notice] 1#1: worker process 23 exited with code 0
2021/08/05 07:18:34 [notice] 1#1: worker process 25 exited with code 0
2021/08/05 07:18:34 [notice] 1#1: worker process 26 exited with code 0
2021/08/05 07:18:34 [notice] 1#1: signal 29 (SIGIO) received
2021/08/05 07:18:34 [notice] 1#1: signal 17 (SIGCHLD) received from 24
2021/08/05 07:18:34 [notice] 1#1: worker process 24 exited with code 0
2021/08/05 07:18:34 [notice] 1#1: exit
2021/08/05 07:20:01 [emerg] 1#1: host not found in upstream "jenkins:8080" in /etc/nginx/conf.d/app.conf:3
2021/08/05 07:20:01 [notice] 1#1: using the "epoll" event method
2021/08/05 07:20:01 [notice] 1#1: nginx/1.20.1
2021/08/05 07:20:01 [notice] 1#1: built by gcc 10.2.1 20201203 (Alpine 10.2.1_pre1) 
2021/08/05 07:20:01 [notice] 1#1: OS: Linux 3.10.0-1160.31.1.el7.x86_64
2021/08/05 07:20:01 [notice] 1#1: getrlimit(RLIMIT_NOFILE): 1048576:1048576
2021/08/05 07:20:01 [notice] 1#1: start worker processes
2021/08/05 07:20:01 [notice] 1#1: start worker process 22
2021/08/05 07:20:01 [notice] 1#1: start worker process 23
2021/08/05 07:20:01 [notice] 1#1: start worker process 24
2021/08/05 07:20:01 [notice] 1#1: start worker process 25
2021/08/05 07:26:50 [notice] 1#1: signal 3 (SIGQUIT) received, shutting down
2021/08/05 07:26:50 [notice] 23#23: gracefully shutting down
2021/08/05 07:26:50 [notice] 23#23: exiting
2021/08/05 07:26:50 [notice] 23#23: exit
2021/08/05 07:26:50 [notice] 24#24: gracefully shutting down
2021/08/05 07:26:50 [notice] 22#22: gracefully shutting down
2021/08/05 07:26:50 [notice] 24#24: exiting
2021/08/05 07:26:50 [notice] 22#22: exiting
2021/08/05 07:26:50 [notice] 24#24: exit
2021/08/05 07:26:50 [notice] 22#22: exit
2021/08/05 07:26:50 [notice] 25#25: gracefully shutting down
2021/08/05 07:26:50 [notice] 25#25: exiting
2021/08/05 07:26:50 [notice] 25#25: exit
2021/08/05 07:26:50 [notice] 1#1: signal 17 (SIGCHLD) received from 23
2021/08/05 07:26:50 [notice] 1#1: worker process 23 exited with code 0
2021/08/05 07:26:50 [notice] 1#1: worker process 25 exited with code 0
2021/08/05 07:26:50 [notice] 1#1: worker process 24 exited with code 0
2021/08/05 07:26:50 [notice] 1#1: signal 17 (SIGCHLD) received from 24
2021/08/05 07:26:50 [notice] 1#1: worker process 22 exited with code 0
2021/08/05 07:26:50 [notice] 1#1: exit
2021/08/05 07:28:09 [emerg] 1#1: host not found in upstream "jenkins:8080" in /etc/nginx/conf.d/app.conf:3
2021/08/05 07:28:09 [notice] 1#1: using the "epoll" event method
2021/08/05 07:28:09 [notice] 1#1: nginx/1.20.1
2021/08/05 07:28:09 [notice] 1#1: built by gcc 10.2.1 20201203 (Alpine 10.2.1_pre1) 
2021/08/05 07:28:09 [notice] 1#1: OS: Linux 3.10.0-1160.31.1.el7.x86_64
2021/08/05 07:28:09 [notice] 1#1: getrlimit(RLIMIT_NOFILE): 1048576:1048576
2021/08/05 07:28:09 [notice] 1#1: start worker processes
2021/08/05 07:28:09 [notice] 1#1: start worker process 23
2021/08/05 07:28:09 [notice] 1#1: start worker process 24
2021/08/05 07:28:09 [notice] 1#1: start worker process 25
2021/08/05 07:28:09 [notice] 1#1: start worker process 26
2021/08/05 07:37:01 [notice] 1#1: signal 3 (SIGQUIT) received, shutting down
2021/08/05 07:37:01 [notice] 25#25: gracefully shutting down
2021/08/05 07:37:01 [notice] 25#25: exiting
2021/08/05 07:37:01 [notice] 25#25: exit
2021/08/05 07:37:01 [notice] 26#26: gracefully shutting down
2021/08/05 07:37:01 [notice] 26#26: exiting
2021/08/05 07:37:01 [notice] 26#26: exit
2021/08/05 07:37:01 [notice] 23#23: gracefully shutting down
2021/08/05 07:37:01 [notice] 23#23: exiting
2021/08/05 07:37:01 [notice] 23#23: exit
2021/08/05 07:37:01 [notice] 24#24: gracefully shutting down
2021/08/05 07:37:01 [notice] 24#24: exiting
2021/08/05 07:37:01 [notice] 24#24: exit
2021/08/05 07:37:01 [notice] 1#1: signal 17 (SIGCHLD) received from 26
2021/08/05 07:37:01 [notice] 1#1: worker process 26 exited with code 0
2021/08/05 07:37:01 [notice] 1#1: signal 29 (SIGIO) received
2021/08/05 07:37:01 [notice] 1#1: signal 17 (SIGCHLD) received from 23
2021/08/05 07:37:01 [notice] 1#1: worker process 23 exited with code 0
2021/08/05 07:37:01 [notice] 1#1: signal 29 (SIGIO) received
2021/08/05 07:37:01 [notice] 1#1: signal 17 (SIGCHLD) received from 25
2021/08/05 07:37:01 [notice] 1#1: worker process 25 exited with code 0
2021/08/05 07:37:01 [notice] 1#1: signal 29 (SIGIO) received
2021/08/05 07:37:01 [notice] 1#1: signal 17 (SIGCHLD) received from 24
2021/08/05 07:37:01 [notice] 1#1: worker process 24 exited with code 0
2021/08/05 07:37:01 [notice] 1#1: exit
2021/08/05 07:38:44 [emerg] 1#1: host not found in upstream "jenkins:8080" in /etc/nginx/conf.d/app.conf:3
2021/08/05 07:38:45 [notice] 1#1: using the "epoll" event method
2021/08/05 07:38:45 [notice] 1#1: nginx/1.20.1
2021/08/05 07:38:45 [notice] 1#1: built by gcc 10.2.1 20201203 (Alpine 10.2.1_pre1) 
2021/08/05 07:38:45 [notice] 1#1: OS: Linux 3.10.0-1160.31.1.el7.x86_64
2021/08/05 07:38:45 [notice] 1#1: getrlimit(RLIMIT_NOFILE): 1048576:1048576
2021/08/05 07:38:45 [notice] 1#1: start worker processes
2021/08/05 07:38:45 [notice] 1#1: start worker process 22
2021/08/05 07:38:45 [notice] 1#1: start worker process 23
2021/08/05 07:38:45 [notice] 1#1: start worker process 24
2021/08/05 07:38:45 [notice] 1#1: start worker process 25
2021/08/05 08:01:54 [notice] 1#1: signal 3 (SIGQUIT) received, shutting down
2021/08/05 08:01:54 [notice] 23#23: gracefully shutting down
2021/08/05 08:01:54 [notice] 24#24: gracefully shutting down
2021/08/05 08:01:54 [notice] 23#23: exiting
2021/08/05 08:01:54 [notice] 23#23: exit
2021/08/05 08:01:54 [notice] 22#22: gracefully shutting down
2021/08/05 08:01:54 [notice] 22#22: exiting
2021/08/05 08:01:54 [notice] 22#22: exit
2021/08/05 08:01:54 [notice] 24#24: exiting
2021/08/05 08:01:54 [notice] 24#24: exit
2021/08/05 08:01:54 [notice] 25#25: gracefully shutting down
2021/08/05 08:01:54 [notice] 25#25: exiting
2021/08/05 08:01:54 [notice] 25#25: exit
2021/08/05 08:01:54 [notice] 1#1: signal 17 (SIGCHLD) received from 23
2021/08/05 08:01:54 [notice] 1#1: worker process 23 exited with code 0
2021/08/05 08:01:54 [notice] 1#1: signal 29 (SIGIO) received
2021/08/05 08:01:54 [notice] 1#1: signal 17 (SIGCHLD) received from 22
2021/08/05 08:01:54 [notice] 1#1: worker process 22 exited with code 0
2021/08/05 08:01:54 [notice] 1#1: signal 29 (SIGIO) received
2021/08/05 08:01:54 [notice] 1#1: signal 17 (SIGCHLD) received from 25
2021/08/05 08:01:54 [notice] 1#1: worker process 24 exited with code 0
2021/08/05 08:01:54 [notice] 1#1: worker process 25 exited with code 0
2021/08/05 08:01:54 [notice] 1#1: exit
2021/08/16 11:03:59 [emerg] 1#1: host not found in upstream "jenkins:8080" in /etc/nginx/conf.d/app.conf:3
2021/08/16 11:04:04 [emerg] 1#1: host not found in upstream "jenkins:8080" in /etc/nginx/conf.d/app.conf:3
2021/08/16 11:04:11 [emerg] 1#1: host not found in upstream "jenkins:8080" in /etc/nginx/conf.d/app.conf:3
2021/08/16 11:04:19 [emerg] 1#1: host not found in upstream "jenkins:8080" in /etc/nginx/conf.d/app.conf:3
2021/08/16 11:04:27 [emerg] 1#1: host not found in upstream "jenkins:8080" in /etc/nginx/conf.d/app.conf:3
2021/08/16 11:04:33 [emerg] 1#1: host not found in upstream "jenkins:8080" in /etc/nginx/conf.d/app.conf:3
2021/08/16 11:04:42 [emerg] 1#1: host not found in upstream "jenkins:8080" in /etc/nginx/conf.d/app.conf:3
2021/08/16 11:04:53 [emerg] 1#1: host not found in upstream "jenkins:8080" in /etc/nginx/conf.d/app.conf:3
2021/08/16 11:05:11 [emerg] 1#1: host not found in upstream "jenkins:8080" in /etc/nginx/conf.d/app.conf:3
2021/08/16 11:05:43 [emerg] 1#1: host not found in upstream "jenkins:8080" in /etc/nginx/conf.d/app.conf:3
2021/08/16 11:06:38 [emerg] 1#1: host not found in upstream "jenkins:8080" in /etc/nginx/conf.d/app.conf:3
2021/08/16 11:07:42 [emerg] 1#1: host not found in upstream "jenkins:8080" in /etc/nginx/conf.d/app.conf:3
2021/08/16 11:08:45 [emerg] 1#1: host not found in upstream "jenkins:8080" in /etc/nginx/conf.d/app.conf:3
2021/08/16 11:09:49 [emerg] 1#1: host not found in upstream "jenkins:8080" in /etc/nginx/conf.d/app.conf:3
2021/08/16 11:10:52 [emerg] 1#1: host not found in upstream "jenkins:8080" in /etc/nginx/conf.d/app.conf:3
2021/08/16 11:11:56 [emerg] 1#1: host not found in upstream "jenkins:8080" in /etc/nginx/conf.d/app.conf:3
2021/08/16 11:15:17 [emerg] 1#1: host not found in upstream "jenkins:8080" in /etc/nginx/conf.d/app.conf:3
2021/08/16 11:15:21 [emerg] 1#1: host not found in upstream "jenkins:8080" in /etc/nginx/conf.d/app.conf:3
2021/08/16 11:15:27 [emerg] 1#1: host not found in upstream "jenkins:8080" in /etc/nginx/conf.d/app.conf:3
2021/08/16 11:15:34 [emerg] 1#1: host not found in upstream "jenkins:8080" in /etc/nginx/conf.d/app.conf:3
2021/08/16 11:15:40 [emerg] 1#1: host not found in upstream "jenkins:8080" in /etc/nginx/conf.d/app.conf:3
2021/08/16 11:15:47 [emerg] 1#1: host not found in upstream "jenkins:8080" in /etc/nginx/conf.d/app.conf:3
2021/08/16 11:15:54 [emerg] 1#1: host not found in upstream "jenkins:8080" in /etc/nginx/conf.d/app.conf:3
2021/08/16 11:16:07 [emerg] 1#1: host not found in upstream "jenkins:8080" in /etc/nginx/conf.d/app.conf:3
2021/08/16 11:16:24 [emerg] 1#1: host not found in upstream "jenkins:8080" in /etc/nginx/conf.d/app.conf:3
2021/08/16 11:16:53 [emerg] 1#1: host not found in upstream "jenkins:8080" in /etc/nginx/conf.d/app.conf:3
2021/08/16 11:17:48 [emerg] 1#1: host not found in upstream "jenkins:8080" in /etc/nginx/conf.d/app.conf:3
2021/08/16 11:18:52 [emerg] 1#1: host not found in upstream "jenkins:8080" in /etc/nginx/conf.d/app.conf:3
2021/08/16 11:19:55 [emerg] 1#1: host not found in upstream "jenkins:8080" in /etc/nginx/conf.d/app.conf:3
2021/08/16 11:20:59 [emerg] 1#1: host not found in upstream "jenkins:8080" in /etc/nginx/conf.d/app.conf:3
2021/08/16 11:22:02 [emerg] 1#1: host not found in upstream "jenkins:8080" in /etc/nginx/conf.d/app.conf:3
2021/08/16 11:23:06 [emerg] 1#1: host not found in upstream "jenkins:8080" in /etc/nginx/conf.d/app.conf:3
2021/08/16 11:24:09 [emerg] 1#1: host not found in upstream "jenkins:8080" in /etc/nginx/conf.d/app.conf:3
2021/08/16 11:25:12 [emerg] 1#1: host not found in upstream "jenkins:8080" in /etc/nginx/conf.d/app.conf:3
2021/08/16 11:26:16 [emerg] 1#1: host not found in upstream "jenkins:8080" in /etc/nginx/conf.d/app.conf:3
2021/08/17 10:24:47 [emerg] 1#1: host not found in upstream "jenkins:8080" in /etc/nginx/conf.d/app.conf:3
2021/08/17 10:24:52 [emerg] 1#1: host not found in upstream "jenkins:8080" in /etc/nginx/conf.d/app.conf:3
2021/08/17 10:24:58 [emerg] 1#1: host not found in upstream "jenkins:8080" in /etc/nginx/conf.d/app.conf:3
2021/08/17 10:25:06 [emerg] 1#1: host not found in upstream "jenkins:8080" in /etc/nginx/conf.d/app.conf:3
2021/08/17 10:25:14 [emerg] 1#1: host not found in upstream "jenkins:8080" in /etc/nginx/conf.d/app.conf:3
2021/08/17 10:25:20 [emerg] 1#1: host not found in upstream "jenkins:8080" in /etc/nginx/conf.d/app.conf:3
2021/08/17 10:25:28 [emerg] 1#1: host not found in upstream "jenkins:8080" in /etc/nginx/conf.d/app.conf:3
2021/08/17 10:25:41 [emerg] 1#1: host not found in upstream "jenkins:8080" in /etc/nginx/conf.d/app.conf:3
2021/08/17 10:26:00 [emerg] 1#1: host not found in upstream "jenkins:8080" in /etc/nginx/conf.d/app.conf:3
2021/08/17 10:26:29 [emerg] 1#1: host not found in upstream "jenkins:8080" in /etc/nginx/conf.d/app.conf:3
2021/08/17 10:27:24 [emerg] 1#1: host not found in upstream "jenkins:8080" in /etc/nginx/conf.d/app.conf:3
2021/08/17 10:28:28 [emerg] 1#1: host not found in upstream "jenkins:8080" in /etc/nginx/conf.d/app.conf:3
2021/08/17 10:29:32 [emerg] 1#1: host not found in upstream "jenkins:8080" in /etc/nginx/conf.d/app.conf:3
2021/08/17 10:30:36 [emerg] 1#1: host not found in upstream "jenkins:8080" in /etc/nginx/conf.d/app.conf:3
2021/08/17 10:31:39 [emerg] 1#1: host not found in upstream "jenkins:8080" in /etc/nginx/conf.d/app.conf:3
2021/08/17 10:32:43 [emerg] 1#1: host not found in upstream "jenkins:8080" in /etc/nginx/conf.d/app.conf:3
2021/08/17 10:33:46 [emerg] 1#1: host not found in upstream "jenkins:8080" in /etc/nginx/conf.d/app.conf:3
2021/08/17 10:34:49 [emerg] 1#1: host not found in upstream "jenkins:8080" in /etc/nginx/conf.d/app.conf:3
2021/08/17 10:35:52 [emerg] 1#1: host not found in upstream "jenkins:8080" in /etc/nginx/conf.d/app.conf:3
2021/08/17 10:36:56 [emerg] 1#1: host not found in upstream "jenkins:8080" in /etc/nginx/conf.d/app.conf:3
2021/08/17 10:37:59 [emerg] 1#1: host not found in upstream "jenkins:8080" in /etc/nginx/conf.d/app.conf:3
2021/08/17 10:39:02 [emerg] 1#1: host not found in upstream "jenkins:8080" in /etc/nginx/conf.d/app.conf:3
2021/08/17 10:40:06 [emerg] 1#1: host not found in upstream "jenkins:8080" in /etc/nginx/conf.d/app.conf:3
2021/08/17 10:41:09 [emerg] 1#1: host not found in upstream "jenkins:8080" in /etc/nginx/conf.d/app.conf:3
2021/08/17 10:42:12 [emerg] 1#1: host not found in upstream "jenkins:8080" in /etc/nginx/conf.d/app.conf:3
2021/08/17 10:43:15 [emerg] 1#1: host not found in upstream "jenkins:8080" in /etc/nginx/conf.d/app.conf:3
2021/08/17 10:44:18 [emerg] 1#1: host not found in upstream "jenkins:8080" in /etc/nginx/conf.d/app.conf:3
2021/08/17 10:45:23 [emerg] 1#1: host not found in upstream "jenkins:8080" in /etc/nginx/conf.d/app.conf:3
2021/08/17 10:46:26 [emerg] 1#1: host not found in upstream "jenkins:8080" in /etc/nginx/conf.d/app.conf:3
2021/08/17 10:47:29 [emerg] 1#1: host not found in upstream "jenkins:8080" in /etc/nginx/conf.d/app.conf:3
2021/08/17 10:48:33 [emerg] 1#1: host not found in upstream "jenkins:8080" in /etc/nginx/conf.d/app.conf:3
2021/08/17 10:49:45 [emerg] 1#1: host not found in upstream "jenkins:8080" in /etc/nginx/conf.d/app.conf:3
2021/08/17 10:49:53 [notice] 1#1: using the "epoll" event method
2021/08/17 10:49:53 [notice] 1#1: nginx/1.20.1
2021/08/17 10:49:53 [notice] 1#1: built by gcc 10.2.1 20201203 (Alpine 10.2.1_pre1) 
2021/08/17 10:49:53 [notice] 1#1: OS: Linux 3.10.0-1160.31.1.el7.x86_64
2021/08/17 10:49:53 [notice] 1#1: getrlimit(RLIMIT_NOFILE): 1048576:1048576
2021/08/17 10:49:53 [notice] 1#1: start worker processes
2021/08/17 10:49:53 [notice] 1#1: start worker process 22
2021/08/17 10:49:53 [notice] 1#1: start worker process 23
2021/08/17 10:49:53 [notice] 1#1: start worker process 24
2021/08/17 10:49:53 [notice] 1#1: start worker process 25
2021/08/17 12:47:46 [notice] 1#1: signal 3 (SIGQUIT) received, shutting down
2021/08/17 12:47:46 [notice] 23#23: gracefully shutting down
2021/08/17 12:47:46 [notice] 23#23: exiting
2021/08/17 12:47:46 [notice] 23#23: exit
2021/08/17 12:47:46 [notice] 24#24: gracefully shutting down
2021/08/17 12:47:46 [notice] 24#24: exiting
2021/08/17 12:47:46 [notice] 24#24: exit
2021/08/17 12:47:46 [notice] 25#25: gracefully shutting down
2021/08/17 12:47:46 [notice] 25#25: exiting
2021/08/17 12:47:46 [notice] 25#25: exit
2021/08/17 12:47:46 [notice] 22#22: gracefully shutting down
2021/08/17 12:47:46 [notice] 22#22: exiting
2021/08/17 12:47:46 [notice] 22#22: exit
2021/08/17 12:47:46 [notice] 1#1: signal 17 (SIGCHLD) received from 23
2021/08/17 12:47:46 [notice] 1#1: worker process 23 exited with code 0
2021/08/17 12:47:46 [notice] 1#1: signal 29 (SIGIO) received
2021/08/17 12:47:46 [notice] 1#1: signal 17 (SIGCHLD) received from 24
2021/08/17 12:47:46 [notice] 1#1: worker process 24 exited with code 0
2021/08/17 12:47:46 [notice] 1#1: signal 29 (SIGIO) received
2021/08/17 12:47:46 [notice] 1#1: signal 17 (SIGCHLD) received from 22
2021/08/17 12:47:46 [notice] 1#1: worker process 22 exited with code 0
2021/08/17 12:47:46 [notice] 1#1: worker process 25 exited with code 0
2021/08/17 12:47:46 [notice] 1#1: exit
2021/08/22 11:35:05 [emerg] 1#1: host not found in upstream "jenkins:8080" in /etc/nginx/conf.d/app.conf:3
2021/08/22 11:35:10 [emerg] 1#1: host not found in upstream "jenkins:8080" in /etc/nginx/conf.d/app.conf:3
2021/08/22 11:35:17 [emerg] 1#1: host not found in upstream "jenkins:8080" in /etc/nginx/conf.d/app.conf:3
2021/08/22 11:35:23 [emerg] 1#1: host not found in upstream "jenkins:8080" in /etc/nginx/conf.d/app.conf:3
2021/08/22 11:35:32 [emerg] 1#1: host not found in upstream "jenkins:8080" in /etc/nginx/conf.d/app.conf:3
2021/08/22 11:35:41 [emerg] 1#1: host not found in upstream "jenkins:8080" in /etc/nginx/conf.d/app.conf:3
2021/08/22 11:35:49 [emerg] 1#1: host not found in upstream "jenkins:8080" in /etc/nginx/conf.d/app.conf:3
2021/08/22 11:36:00 [emerg] 1#1: host not found in upstream "jenkins:8080" in /etc/nginx/conf.d/app.conf:3
2021/08/22 11:36:19 [emerg] 1#1: host not found in upstream "jenkins:8080" in /etc/nginx/conf.d/app.conf:3
2021/08/22 11:36:49 [emerg] 1#1: host not found in upstream "jenkins:8080" in /etc/nginx/conf.d/app.conf:3
2021/08/22 11:37:47 [emerg] 1#1: host not found in upstream "jenkins:8080" in /etc/nginx/conf.d/app.conf:3
2021/08/22 11:38:50 [emerg] 1#1: host not found in upstream "jenkins:8080" in /etc/nginx/conf.d/app.conf:3
2021/08/22 11:39:54 [emerg] 1#1: host not found in upstream "jenkins:8080" in /etc/nginx/conf.d/app.conf:3
2021/08/22 11:40:57 [emerg] 1#1: host not found in upstream "jenkins:8080" in /etc/nginx/conf.d/app.conf:3
2021/08/22 11:42:00 [emerg] 1#1: host not found in upstream "jenkins:8080" in /etc/nginx/conf.d/app.conf:3
2021/08/22 11:43:04 [emerg] 1#1: host not found in upstream "jenkins:8080" in /etc/nginx/conf.d/app.conf:3
2021/08/22 11:44:51 [emerg] 1#1: host not found in upstream "jenkins:8080" in /etc/nginx/conf.d/app.conf:3
2021/08/22 11:44:59 [notice] 1#1: using the "epoll" event method
2021/08/22 11:44:59 [notice] 1#1: nginx/1.20.1
2021/08/22 11:44:59 [notice] 1#1: built by gcc 10.2.1 20201203 (Alpine 10.2.1_pre1) 
2021/08/22 11:44:59 [notice] 1#1: OS: Linux 3.10.0-1160.31.1.el7.x86_64
2021/08/22 11:44:59 [notice] 1#1: getrlimit(RLIMIT_NOFILE): 1048576:1048576
2021/08/22 11:44:59 [notice] 1#1: start worker processes
2021/08/22 11:44:59 [notice] 1#1: start worker process 22
2021/08/22 11:44:59 [notice] 1#1: start worker process 23
2021/08/22 11:44:59 [notice] 1#1: start worker process 24
2021/08/22 11:44:59 [notice] 1#1: start worker process 25
